c:\users\snzhkhd\source\repos\cppclr_winformsprojekt1\cppclr_winformsprojekt1\x64\release\cppclr_winformsprojekt1.pch
c:\users\snzhkhd\source\repos\cppclr_winformsprojekt1\cppclr_winformsprojekt1\x64\release\vc141.pdb
c:\users\snzhkhd\source\repos\cppclr_winformsprojekt1\cppclr_winformsprojekt1\x64\release\stdafx.obj
c:\users\snzhkhd\source\repos\cppclr_winformsprojekt1\cppclr_winformsprojekt1\x64\release\form1.obj
c:\users\snzhkhd\source\repos\cppclr_winformsprojekt1\cppclr_winformsprojekt1\x64\release\filemanager.obj
c:\users\snzhkhd\source\repos\cppclr_winformsprojekt1\cppclr_winformsprojekt1\x64\release\cppclr_winformsprojekt.obj
c:\users\snzhkhd\source\repos\cppclr_winformsprojekt1\cppclr_winformsprojekt1\x64\release\assemblyinfo.obj
c:\users\snzhkhd\source\repos\cppclr_winformsprojekt1\cppclr_winformsprojekt1\x64\release\.netframework,version=v4.5.2.assemblyattributes.obj
c:\users\snzhkhd\source\repos\cppclr_winformsprojekt1\cppclr_winformsprojekt1\x64\release\.netframework,version=v4.5.2.assemblyattributes.asm
c:\users\snzhkhd\source\repos\cppclr_winformsprojekt1\cppclr_winformsprojekt1\x64\release\cppclr_winformsprojekt1.form1.resources
c:\users\snzhkhd\source\repos\cppclr_winformsprojekt1\x64\release\cppclr_winformsprojekt1.exe
c:\users\snzhkhd\source\repos\cppclr_winformsprojekt1\x64\release\cppclr_winformsprojekt1.pdb
c:\users\snzhkhd\source\repos\cppclr_winformsprojekt1\cppclr_winformsprojekt1\x64\release\app.res
c:\users\snzhkhd\source\repos\cppclr_winformsprojekt1\cppclr_winformsprojekt1\x64\release\cppclr_winformsprojekt1.vcxproj.generateresource.cache
c:\users\snzhkhd\source\repos\cppclr_winformsprojekt1\cppclr_winformsprojekt1\x64\release\cppclr_winformsprojekt1.vcxprojassemblyreference.cache
c:\users\snzhkhd\source\repos\cppclr_winformsprojekt1\cppclr_winformsprojekt1\x64\release\cppclr_w.df754b3b.tlog\cl.command.1.tlog
c:\users\snzhkhd\source\repos\cppclr_winformsprojekt1\cppclr_winformsprojekt1\x64\release\cppclr_w.df754b3b.tlog\cl.read.1.tlog
c:\users\snzhkhd\source\repos\cppclr_winformsprojekt1\cppclr_winformsprojekt1\x64\release\cppclr_w.df754b3b.tlog\cl.write.1.tlog
c:\users\snzhkhd\source\repos\cppclr_winformsprojekt1\cppclr_winformsprojekt1\x64\release\cppclr_w.df754b3b.tlog\cppclr_winformsprojekt1.write.1u.tlog
c:\users\snzhkhd\source\repos\cppclr_winformsprojekt1\cppclr_winformsprojekt1\x64\release\cppclr_w.df754b3b.tlog\link.command.1.tlog
c:\users\snzhkhd\source\repos\cppclr_winformsprojekt1\cppclr_winformsprojekt1\x64\release\cppclr_w.df754b3b.tlog\link.read.1.tlog
c:\users\snzhkhd\source\repos\cppclr_winformsprojekt1\cppclr_winformsprojekt1\x64\release\cppclr_w.df754b3b.tlog\link.write.1.tlog
c:\users\snzhkhd\source\repos\cppclr_winformsprojekt1\cppclr_winformsprojekt1\x64\release\cppclr_w.df754b3b.tlog\metagen.read.1.tlog
c:\users\snzhkhd\source\repos\cppclr_winformsprojekt1\cppclr_winformsprojekt1\x64\release\cppclr_w.df754b3b.tlog\metagen.write.1.tlog
c:\users\snzhkhd\source\repos\cppclr_winformsprojekt1\cppclr_winformsprojekt1\x64\release\cppclr_w.df754b3b.tlog\rc.command.1.tlog
c:\users\snzhkhd\source\repos\cppclr_winformsprojekt1\cppclr_winformsprojekt1\x64\release\cppclr_w.df754b3b.tlog\rc.read.1.tlog
c:\users\snzhkhd\source\repos\cppclr_winformsprojekt1\cppclr_winformsprojekt1\x64\release\cppclr_w.df754b3b.tlog\rc.write.1.tlog
